
AVRASM ver. 2.1.30  J:\avr_proj\CodeVision\Keyboard-dr\List\Keyboard-dr.asm Wed Oct 12 18:25:10 2011

J:\avr_proj\CodeVision\Keyboard-dr\List\Keyboard-dr.asm(1051): warning: Register r5 already defined by the .DEF directive
J:\avr_proj\CodeVision\Keyboard-dr\List\Keyboard-dr.asm(1052): warning: Register r4 already defined by the .DEF directive
J:\avr_proj\CodeVision\Keyboard-dr\List\Keyboard-dr.asm(1053): warning: Register r7 already defined by the .DEF directive
J:\avr_proj\CodeVision\Keyboard-dr\List\Keyboard-dr.asm(1054): warning: Register r6 already defined by the .DEF directive
                 
                 
                 ;CodeVisionAVR C Compiler V2.04.4a Advanced
                 ;(C) Copyright 1998-2009 Pavel Haiduc, HP InfoTech s.r.l.
                 ;http://www.hpinfotech.com
                 
                 ;Chip type                : ATmega16
                 ;Program type             : Application
                 ;Clock frequency          : 16,000000 MHz
                 ;Memory model             : Small
                 ;Optimize for             : Size
                 ;(s)printf features       : int, width
                 ;(s)scanf features        : int, width
                 ;External RAM size        : 0
                 ;Data Stack size          : 256 byte(s)
                 ;Heap size                : 0 byte(s)
                 ;Promote 'char' to 'int'  : No
                 ;'char' is unsigned       : Yes
                 ;8 bit enums              : No
                 ;global 'const' stored in FLASH: Yes
                 ;Enhanced core instructions    : On
                 ;Smart register allocation     : On
                 ;Automatic register allocation : On
                 
                 	#pragma AVRPART ADMIN PART_NAME ATmega16
                 	#pragma AVRPART MEMORY PROG_FLASH 16384
                 	#pragma AVRPART MEMORY EEPROM 512
                 	#pragma AVRPART MEMORY INT_SRAM SIZE 1024
                 	#pragma AVRPART MEMORY INT_SRAM START_ADDR 0x60
                 
                 	.LISTMAC
                 	.EQU UDRE=0x5
                 	.EQU RXC=0x7
                 	.EQU USR=0xB
                 	.EQU UDR=0xC
                 	.EQU SPSR=0xE
                 	.EQU SPDR=0xF
                 	.EQU EERE=0x0
                 	.EQU EEWE=0x1
                 	.EQU EEMWE=0x2
                 	.EQU EECR=0x1C
                 	.EQU EEDR=0x1D
                 	.EQU EEARL=0x1E
                 	.EQU EEARH=0x1F
                 	.EQU WDTCR=0x21
                 	.EQU MCUCR=0x35
                 	.EQU GICR=0x3B
                 	.EQU SPL=0x3D
                 	.EQU SPH=0x3E
                 	.EQU SREG=0x3F
                 
                 	.DEF R0X0=R0
                 	.DEF R0X1=R1
                 	.DEF R0X2=R2
                 	.DEF R0X3=R3
                 	.DEF R0X4=R4
                 	.DEF R0X5=R5
                 	.DEF R0X6=R6
                 	.DEF R0X7=R7
                 	.DEF R0X8=R8
                 	.DEF R0X9=R9
                 	.DEF R0XA=R10
                 	.DEF R0XB=R11
                 	.DEF R0XC=R12
                 	.DEF R0XD=R13
                 	.DEF R0XE=R14
                 	.DEF R0XF=R15
                 	.DEF R0X10=R16
                 	.DEF R0X11=R17
                 	.DEF R0X12=R18
                 	.DEF R0X13=R19
                 	.DEF R0X14=R20
                 	.DEF R0X15=R21
                 	.DEF R0X16=R22
                 	.DEF R0X17=R23
                 	.DEF R0X18=R24
                 	.DEF R0X19=R25
                 	.DEF R0X1A=R26
                 	.DEF R0X1B=R27
                 	.DEF R0X1C=R28
                 	.DEF R0X1D=R29
                 	.DEF R0X1E=R30
                 	.DEF R0X1F=R31
                 
                 	.MACRO __CPD1N
                 	CPI  R30,LOW(@0)
                 	LDI  R26,HIGH(@0)
                 	CPC  R31,R26
                 	LDI  R26,BYTE3(@0)
                 	CPC  R22,R26
                 	LDI  R26,BYTE4(@0)
                 	CPC  R23,R26
                 	.ENDM
                 
                 	.MACRO __CPD2N
                 	CPI  R26,LOW(@0)
                 	LDI  R30,HIGH(@0)
                 	CPC  R27,R30
                 	LDI  R30,BYTE3(@0)
                 	CPC  R24,R30
                 	LDI  R30,BYTE4(@0)
                 	CPC  R25,R30
                 	.ENDM
                 
                 	.MACRO __CPWRR
                 	CP   R@0,R@2
                 	CPC  R@1,R@3
                 	.ENDM
                 
                 	.MACRO __CPWRN
                 	CPI  R@0,LOW(@2)
                 	LDI  R30,HIGH(@2)
                 	CPC  R@1,R30
                 	.ENDM
                 
                 	.MACRO __ADDB1MN
                 	SUBI R30,LOW(-@0-(@1))
                 	.ENDM
                 
                 	.MACRO __ADDB2MN
                 	SUBI R26,LOW(-@0-(@1))
                 	.ENDM
                 
                 	.MACRO __ADDW1MN
                 	SUBI R30,LOW(-@0-(@1))
                 	SBCI R31,HIGH(-@0-(@1))
                 	.ENDM
                 
                 	.MACRO __ADDW2MN
                 	SUBI R26,LOW(-@0-(@1))
                 	SBCI R27,HIGH(-@0-(@1))
                 	.ENDM
                 
                 	.MACRO __ADDW1FN
                 	SUBI R30,LOW(-2*@0-(@1))
                 	SBCI R31,HIGH(-2*@0-(@1))
                 	.ENDM
                 
                 	.MACRO __ADDD1FN
                 	SUBI R30,LOW(-2*@0-(@1))
                 	SBCI R31,HIGH(-2*@0-(@1))
                 	SBCI R22,BYTE3(-2*@0-(@1))
                 	.ENDM
                 
                 	.MACRO __ADDD1N
                 	SUBI R30,LOW(-@0)
                 	SBCI R31,HIGH(-@0)
                 	SBCI R22,BYTE3(-@0)
                 	SBCI R23,BYTE4(-@0)
                 	.ENDM
                 
                 	.MACRO __ADDD2N
                 	SUBI R26,LOW(-@0)
                 	SBCI R27,HIGH(-@0)
                 	SBCI R24,BYTE3(-@0)
                 	SBCI R25,BYTE4(-@0)
                 	.ENDM
                 
                 	.MACRO __SUBD1N
                 	SUBI R30,LOW(@0)
                 	SBCI R31,HIGH(@0)
                 	SBCI R22,BYTE3(@0)
                 	SBCI R23,BYTE4(@0)
                 	.ENDM
                 
                 	.MACRO __SUBD2N
                 	SUBI R26,LOW(@0)
                 	SBCI R27,HIGH(@0)
                 	SBCI R24,BYTE3(@0)
                 	SBCI R25,BYTE4(@0)
                 	.ENDM
                 
                 	.MACRO __ANDBMNN
                 	LDS  R30,@0+(@1)
                 	ANDI R30,LOW(@2)
                 	STS  @0+(@1),R30
                 	.ENDM
                 
                 	.MACRO __ANDWMNN
                 	LDS  R30,@0+(@1)
                 	ANDI R30,LOW(@2)
                 	STS  @0+(@1),R30
                 	LDS  R30,@0+(@1)+1
                 	ANDI R30,HIGH(@2)
                 	STS  @0+(@1)+1,R30
                 	.ENDM
                 
                 	.MACRO __ANDD1N
                 	ANDI R30,LOW(@0)
                 	ANDI R31,HIGH(@0)
                 	ANDI R22,BYTE3(@0)
                 	ANDI R23,BYTE4(@0)
                 	.ENDM
                 
                 	.MACRO __ANDD2N
                 	ANDI R26,LOW(@0)
                 	ANDI R27,HIGH(@0)
                 	ANDI R24,BYTE3(@0)
                 	ANDI R25,BYTE4(@0)
                 	.ENDM
                 
                 	.MACRO __ORBMNN
                 	LDS  R30,@0+(@1)
                 	ORI  R30,LOW(@2)
                 	STS  @0+(@1),R30
                 	.ENDM
                 
                 	.MACRO __ORWMNN
                 	LDS  R30,@0+(@1)
                 	ORI  R30,LOW(@2)
                 	STS  @0+(@1),R30
                 	LDS  R30,@0+(@1)+1
                 	ORI  R30,HIGH(@2)
                 	STS  @0+(@1)+1,R30
                 	.ENDM
                 
                 	.MACRO __ORD1N
                 	ORI  R30,LOW(@0)
                 	ORI  R31,HIGH(@0)
                 	ORI  R22,BYTE3(@0)
                 	ORI  R23,BYTE4(@0)
                 	.ENDM
                 
                 	.MACRO __ORD2N
                 	ORI  R26,LOW(@0)
                 	ORI  R27,HIGH(@0)
                 	ORI  R24,BYTE3(@0)
                 	ORI  R25,BYTE4(@0)
                 	.ENDM
                 
                 	.MACRO __DELAY_USB
                 	LDI  R24,LOW(@0)
                 __DELAY_USB_LOOP:
                 	DEC  R24
                 	BRNE __DELAY_USB_LOOP
                 	.ENDM
                 
                 	.MACRO __DELAY_USW
                 	LDI  R24,LOW(@0)
                 	LDI  R25,HIGH(@0)
                 __DELAY_USW_LOOP:
                 	SBIW R24,1
                 	BRNE __DELAY_USW_LOOP
                 	.ENDM
                 
                 	.MACRO __GETD1S
                 	LDD  R30,Y+@0
                 	LDD  R31,Y+@0+1
                 	LDD  R22,Y+@0+2
                 	LDD  R23,Y+@0+3
                 	.ENDM
                 
                 	.MACRO __GETD2S
                 	LDD  R26,Y+@0
                 	LDD  R27,Y+@0+1
                 	LDD  R24,Y+@0+2
                 	LDD  R25,Y+@0+3
                 	.ENDM
                 
                 	.MACRO __PUTD1S
                 	STD  Y+@0,R30
                 	STD  Y+@0+1,R31
                 	STD  Y+@0+2,R22
                 	STD  Y+@0+3,R23
                 	.ENDM
                 
                 	.MACRO __PUTD2S
                 	STD  Y+@0,R26
                 	STD  Y+@0+1,R27
                 	STD  Y+@0+2,R24
                 	STD  Y+@0+3,R25
                 	.ENDM
                 
                 	.MACRO __PUTDZ2
                 	STD  Z+@0,R26
                 	STD  Z+@0+1,R27
                 	STD  Z+@0+2,R24
                 	STD  Z+@0+3,R25
                 	.ENDM
                 
                 	.MACRO __CLRD1S
                 	STD  Y+@0,R30
                 	STD  Y+@0+1,R30
                 	STD  Y+@0+2,R30
                 	STD  Y+@0+3,R30
                 	.ENDM
                 
                 	.MACRO __POINTB1MN
                 	LDI  R30,LOW(@0+(@1))
                 	.ENDM
                 
                 	.MACRO __POINTW1MN
                 	LDI  R30,LOW(@0+(@1))
                 	LDI  R31,HIGH(@0+(@1))
                 	.ENDM
                 
                 	.MACRO __POINTD1M
                 	LDI  R30,LOW(@0)
                 	LDI  R31,HIGH(@0)
                 	LDI  R22,BYTE3(@0)
                 	LDI  R23,BYTE4(@0)
                 	.ENDM
                 
                 	.MACRO __POINTW1FN
                 	LDI  R30,LOW(2*@0+(@1))
                 	LDI  R31,HIGH(2*@0+(@1))
                 	.ENDM
                 
                 	.MACRO __POINTD1FN
                 	LDI  R30,LOW(2*@0+(@1))
                 	LDI  R31,HIGH(2*@0+(@1))
                 	LDI  R22,BYTE3(2*@0+(@1))
                 	LDI  R23,BYTE4(2*@0+(@1))
                 	.ENDM
                 
                 	.MACRO __POINTB2MN
                 	LDI  R26,LOW(@0+(@1))
                 	.ENDM
                 
                 	.MACRO __POINTW2MN
                 	LDI  R26,LOW(@0+(@1))
                 	LDI  R27,HIGH(@0+(@1))
                 	.ENDM
                 
                 	.MACRO __POINTBRM
                 	LDI  R@0,LOW(@1)
                 	.ENDM
                 
                 	.MACRO __POINTWRM
                 	LDI  R@0,LOW(@2)
                 	LDI  R@1,HIGH(@2)
                 	.ENDM
                 
                 	.MACRO __POINTBRMN
                 	LDI  R@0,LOW(@1+(@2))
                 	.ENDM
                 
                 	.MACRO __POINTWRMN
                 	LDI  R@0,LOW(@2+(@3))
                 	LDI  R@1,HIGH(@2+(@3))
                 	.ENDM
                 
                 	.MACRO __POINTWRFN
                 	LDI  R@0,LOW(@2*2+(@3))
                 	LDI  R@1,HIGH(@2*2+(@3))
                 	.ENDM
                 
                 	.MACRO __GETD1N
                 	LDI  R30,LOW(@0)
                 	LDI  R31,HIGH(@0)
                 	LDI  R22,BYTE3(@0)
                 	LDI  R23,BYTE4(@0)
                 	.ENDM
                 
                 	.MACRO __GETD2N
                 	LDI  R26,LOW(@0)
                 	LDI  R27,HIGH(@0)
                 	LDI  R24,BYTE3(@0)
                 	LDI  R25,BYTE4(@0)
                 	.ENDM
                 
                 	.MACRO __GETB1MN
                 	LDS  R30,@0+(@1)
                 	.ENDM
                 
                 	.MACRO __GETB1HMN
                 	LDS  R31,@0+(@1)
                 	.ENDM
                 
                 	.MACRO __GETW1MN
                 	LDS  R30,@0+(@1)
                 	LDS  R31,@0+(@1)+1
                 	.ENDM
                 
                 	.MACRO __GETD1MN
                 	LDS  R30,@0+(@1)
                 	LDS  R31,@0+(@1)+1
                 	LDS  R22,@0+(@1)+2
                 	LDS  R23,@0+(@1)+3
                 	.ENDM
                 
                 	.MACRO __GETBRMN
                 	LDS  R@0,@1+(@2)
                 	.ENDM
                 
                 	.MACRO __GETWRMN
                 	LDS  R@0,@2+(@3)
                 	LDS  R@1,@2+(@3)+1
                 	.ENDM
                 
                 	.MACRO __GETWRZ
                 	LDD  R@0,Z+@2
                 	LDD  R@1,Z+@2+1
                 	.ENDM
                 
                 	.MACRO __GETD2Z
                 	LDD  R26,Z+@0
                 	LDD  R27,Z+@0+1
                 	LDD  R24,Z+@0+2
                 	LDD  R25,Z+@0+3
                 	.ENDM
                 
                 	.MACRO __GETB2MN
                 	LDS  R26,@0+(@1)
                 	.ENDM
                 
                 	.MACRO __GETW2MN
                 	LDS  R26,@0+(@1)
                 	LDS  R27,@0+(@1)+1
                 	.ENDM
                 
                 	.MACRO __GETD2MN
                 	LDS  R26,@0+(@1)
                 	LDS  R27,@0+(@1)+1
                 	LDS  R24,@0+(@1)+2
                 	LDS  R25,@0+(@1)+3
                 	.ENDM
                 
                 	.MACRO __PUTB1MN
                 	STS  @0+(@1),R30
                 	.ENDM
                 
                 	.MACRO __PUTW1MN
                 	STS  @0+(@1),R30
                 	STS  @0+(@1)+1,R31
                 	.ENDM
                 
                 	.MACRO __PUTD1MN
                 	STS  @0+(@1),R30
                 	STS  @0+(@1)+1,R31
                 	STS  @0+(@1)+2,R22
                 	STS  @0+(@1)+3,R23
                 	.ENDM
                 
                 	.MACRO __PUTB1EN
                 	LDI  R26,LOW(@0+(@1))
                 	LDI  R27,HIGH(@0+(@1))
                 	CALL __EEPROMWRB
                 	.ENDM
                 
                 	.MACRO __PUTW1EN
                 	LDI  R26,LOW(@0+(@1))
                 	LDI  R27,HIGH(@0+(@1))
                 	CALL __EEPROMWRW
                 	.ENDM
                 
                 	.MACRO __PUTD1EN
                 	LDI  R26,LOW(@0+(@1))
                 	LDI  R27,HIGH(@0+(@1))
                 	CALL __EEPROMWRD
                 	.ENDM
                 
                 	.MACRO __PUTBR0MN
                 	STS  @0+(@1),R0
                 	.ENDM
                 
                 	.MACRO __PUTBMRN
                 	STS  @0+(@1),R@2
                 	.ENDM
                 
                 	.MACRO __PUTWMRN
                 	STS  @0+(@1),R@2
                 	STS  @0+(@1)+1,R@3
                 	.ENDM
                 
                 	.MACRO __PUTBZR
                 	STD  Z+@1,R@0
                 	.ENDM
                 
                 	.MACRO __PUTWZR
                 	STD  Z+@2,R@0
                 	STD  Z+@2+1,R@1
                 	.ENDM
                 
                 	.MACRO __GETW1R
                 	MOV  R30,R@0
                 	MOV  R31,R@1
                 	.ENDM
                 
                 	.MACRO __GETW2R
                 	MOV  R26,R@0
                 	MOV  R27,R@1
                 	.ENDM
                 
                 	.MACRO __GETWRN
                 	LDI  R@0,LOW(@2)
                 	LDI  R@1,HIGH(@2)
                 	.ENDM
                 
                 	.MACRO __PUTW1R
                 	MOV  R@0,R30
                 	MOV  R@1,R31
                 	.ENDM
                 
                 	.MACRO __PUTW2R
                 	MOV  R@0,R26
                 	MOV  R@1,R27
                 	.ENDM
                 
                 	.MACRO __ADDWRN
                 	SUBI R@0,LOW(-@2)
                 	SBCI R@1,HIGH(-@2)
                 	.ENDM
                 
                 	.MACRO __ADDWRR
                 	ADD  R@0,R@2
                 	ADC  R@1,R@3
                 	.ENDM
                 
                 	.MACRO __SUBWRN
                 	SUBI R@0,LOW(@2)
                 	SBCI R@1,HIGH(@2)
                 	.ENDM
                 
                 	.MACRO __SUBWRR
                 	SUB  R@0,R@2
                 	SBC  R@1,R@3
                 	.ENDM
                 
                 	.MACRO __ANDWRN
                 	ANDI R@0,LOW(@2)
                 	ANDI R@1,HIGH(@2)
                 	.ENDM
                 
                 	.MACRO __ANDWRR
                 	AND  R@0,R@2
                 	AND  R@1,R@3
                 	.ENDM
                 
                 	.MACRO __ORWRN
                 	ORI  R@0,LOW(@2)
                 	ORI  R@1,HIGH(@2)
                 	.ENDM
                 
                 	.MACRO __ORWRR
                 	OR   R@0,R@2
                 	OR   R@1,R@3
                 	.ENDM
                 
                 	.MACRO __EORWRR
                 	EOR  R@0,R@2
                 	EOR  R@1,R@3
                 	.ENDM
                 
                 	.MACRO __GETWRS
                 	LDD  R@0,Y+@2
                 	LDD  R@1,Y+@2+1
                 	.ENDM
                 
                 	.MACRO __PUTBSR
                 	STD  Y+@1,R@0
                 	.ENDM
                 
                 	.MACRO __PUTWSR
                 	STD  Y+@2,R@0
                 	STD  Y+@2+1,R@1
                 	.ENDM
                 
                 	.MACRO __MOVEWRR
                 	MOV  R@0,R@2
                 	MOV  R@1,R@3
                 	.ENDM
                 
                 	.MACRO __INWR
                 	IN   R@0,@2
                 	IN   R@1,@2+1
                 	.ENDM
                 
                 	.MACRO __OUTWR
                 	OUT  @2+1,R@1
                 	OUT  @2,R@0
                 	.ENDM
                 
                 	.MACRO __CALL1MN
                 	LDS  R30,@0+(@1)
                 	LDS  R31,@0+(@1)+1
                 	ICALL
                 	.ENDM
                 
                 	.MACRO __CALL1FN
                 	LDI  R30,LOW(2*@0+(@1))
                 	LDI  R31,HIGH(2*@0+(@1))
                 	CALL __GETW1PF
                 	ICALL
                 	.ENDM
                 
                 	.MACRO __CALL2EN
                 	LDI  R26,LOW(@0+(@1))
                 	LDI  R27,HIGH(@0+(@1))
                 	CALL __EEPROMRDW
                 	ICALL
                 	.ENDM
                 
                 	.MACRO __GETW1STACK
                 	IN   R26,SPL
                 	IN   R27,SPH
                 	ADIW R26,@0+1
                 	LD   R30,X+
                 	LD   R31,X
                 	.ENDM
                 
                 	.MACRO __GETD1STACK
                 	IN   R26,SPL
                 	IN   R27,SPH
                 	ADIW R26,@0+1
                 	LD   R30,X+
                 	LD   R31,X+
                 	LD   R22,X
                 	.ENDM
                 
                 	.MACRO __NBST
                 	BST  R@0,@1
                 	IN   R30,SREG
                 	LDI  R31,0x40
                 	EOR  R30,R31
                 	OUT  SREG,R30
                 	.ENDM
                 
                 
                 	.MACRO __PUTB1SN
                 	LDD  R26,Y+@0
                 	LDD  R27,Y+@0+1
                 	SUBI R26,LOW(-@1)
                 	SBCI R27,HIGH(-@1)
                 	ST   X,R30
                 	.ENDM
                 
                 	.MACRO __PUTW1SN
                 	LDD  R26,Y+@0
                 	LDD  R27,Y+@0+1
                 	SUBI R26,LOW(-@1)
                 	SBCI R27,HIGH(-@1)
                 	ST   X+,R30
                 	ST   X,R31
                 	.ENDM
                 
                 	.MACRO __PUTD1SN
                 	LDD  R26,Y+@0
                 	LDD  R27,Y+@0+1
                 	SUBI R26,LOW(-@1)
                 	SBCI R27,HIGH(-@1)
                 	CALL __PUTDP1
                 	.ENDM
                 
                 	.MACRO __PUTB1SNS
                 	LDD  R26,Y+@0
                 	LDD  R27,Y+@0+1
                 	ADIW R26,@1
                 	ST   X,R30
                 	.ENDM
                 
                 	.MACRO __PUTW1SNS
                 	LDD  R26,Y+@0
                 	LDD  R27,Y+@0+1
                 	ADIW R26,@1
                 	ST   X+,R30
                 	ST   X,R31
                 	.ENDM
                 
                 	.MACRO __PUTD1SNS
                 	LDD  R26,Y+@0
                 	LDD  R27,Y+@0+1
                 	ADIW R26,@1
                 	CALL __PUTDP1
                 	.ENDM
                 
                 	.MACRO __PUTB1PMN
                 	LDS  R26,@0
                 	LDS  R27,@0+1
                 	SUBI R26,LOW(-@1)
                 	SBCI R27,HIGH(-@1)
                 	ST   X,R30
                 	.ENDM
                 
                 	.MACRO __PUTW1PMN
                 	LDS  R26,@0
                 	LDS  R27,@0+1
                 	SUBI R26,LOW(-@1)
                 	SBCI R27,HIGH(-@1)
                 	ST   X+,R30
                 	ST   X,R31
                 	.ENDM
                 
                 	.MACRO __PUTD1PMN
                 	LDS  R26,@0
                 	LDS  R27,@0+1
                 	SUBI R26,LOW(-@1)
                 	SBCI R27,HIGH(-@1)
                 	CALL __PUTDP1
                 	.ENDM
                 
                 	.MACRO __PUTB1PMNS
                 	LDS  R26,@0
                 	LDS  R27,@0+1
                 	ADIW R26,@1
                 	ST   X,R30
                 	.ENDM
                 
                 	.MACRO __PUTW1PMNS
                 	LDS  R26,@0
                 	LDS  R27,@0+1
                 	ADIW R26,@1
                 	ST   X+,R30
                 	ST   X,R31
                 	.ENDM
                 
                 	.MACRO __PUTD1PMNS
                 	LDS  R26,@0
                 	LDS  R27,@0+1
                 	ADIW R26,@1
                 	CALL __PUTDP1
                 	.ENDM
                 
                 	.MACRO __PUTB1RN
                 	MOVW R26,R@0
                 	SUBI R26,LOW(-@1)
                 	SBCI R27,HIGH(-@1)
                 	ST   X,R30
                 	.ENDM
                 
                 	.MACRO __PUTW1RN
                 	MOVW R26,R@0
                 	SUBI R26,LOW(-@1)
                 	SBCI R27,HIGH(-@1)
                 	ST   X+,R30
                 	ST   X,R31
                 	.ENDM
                 
                 	.MACRO __PUTD1RN
                 	MOVW R26,R@0
                 	SUBI R26,LOW(-@1)
                 	SBCI R27,HIGH(-@1)
                 	CALL __PUTDP1
                 	.ENDM
                 
                 	.MACRO __PUTB1RNS
                 	MOVW R26,R@0
                 	ADIW R26,@1
                 	ST   X,R30
                 	.ENDM
                 
                 	.MACRO __PUTW1RNS
                 	MOVW R26,R@0
                 	ADIW R26,@1
                 	ST   X+,R30
                 	ST   X,R31
                 	.ENDM
                 
                 	.MACRO __PUTD1RNS
                 	MOVW R26,R@0
                 	ADIW R26,@1
                 	CALL __PUTDP1
                 	.ENDM
                 
                 	.MACRO __PUTB1RON
                 	MOV  R26,R@0
                 	MOV  R27,R@1
                 	SUBI R26,LOW(-@2)
                 	SBCI R27,HIGH(-@2)
                 	ST   X,R30
                 	.ENDM
                 
                 	.MACRO __PUTW1RON
                 	MOV  R26,R@0
                 	MOV  R27,R@1
                 	SUBI R26,LOW(-@2)
                 	SBCI R27,HIGH(-@2)
                 	ST   X+,R30
                 	ST   X,R31
                 	.ENDM
                 
                 	.MACRO __PUTD1RON
                 	MOV  R26,R@0
                 	MOV  R27,R@1
                 	SUBI R26,LOW(-@2)
                 	SBCI R27,HIGH(-@2)
                 	CALL __PUTDP1
                 	.ENDM
                 
                 	.MACRO __PUTB1RONS
                 	MOV  R26,R@0
                 	MOV  R27,R@1
                 	ADIW R26,@2
                 	ST   X,R30
                 	.ENDM
                 
                 	.MACRO __PUTW1RONS
                 	MOV  R26,R@0
                 	MOV  R27,R@1
                 	ADIW R26,@2
                 	ST   X+,R30
                 	ST   X,R31
                 	.ENDM
                 
                 	.MACRO __PUTD1RONS
                 	MOV  R26,R@0
                 	MOV  R27,R@1
                 	ADIW R26,@2
                 	CALL __PUTDP1
                 	.ENDM
                 
                 
                 	.MACRO __GETB1SX
                 	MOVW R30,R28
                 	SUBI R30,LOW(-@0)
                 	SBCI R31,HIGH(-@0)
                 	LD   R30,Z
                 	.ENDM
                 
                 	.MACRO __GETB1HSX
                 	MOVW R30,R28
                 	SUBI R30,LOW(-@0)
                 	SBCI R31,HIGH(-@0)
                 	LD   R31,Z
                 	.ENDM
                 
                 	.MACRO __GETW1SX
                 	MOVW R30,R28
                 	SUBI R30,LOW(-@0)
                 	SBCI R31,HIGH(-@0)
                 	LD   R0,Z+
                 	LD   R31,Z
                 	MOV  R30,R0
                 	.ENDM
                 
                 	.MACRO __GETD1SX
                 	MOVW R30,R28
                 	SUBI R30,LOW(-@0)
                 	SBCI R31,HIGH(-@0)
                 	LD   R0,Z+
                 	LD   R1,Z+
                 	LD   R22,Z+
                 	LD   R23,Z
                 	MOVW R30,R0
                 	.ENDM
                 
                 	.MACRO __GETB2SX
                 	MOVW R26,R28
                 	SUBI R26,LOW(-@0)
                 	SBCI R27,HIGH(-@0)
                 	LD   R26,X
                 	.ENDM
                 
                 	.MACRO __GETW2SX
                 	MOVW R26,R28
                 	SUBI R26,LOW(-@0)
                 	SBCI R27,HIGH(-@0)
                 	LD   R0,X+
                 	LD   R27,X
                 	MOV  R26,R0
                 	.ENDM
                 
                 	.MACRO __GETD2SX
                 	MOVW R26,R28
                 	SUBI R26,LOW(-@0)
                 	SBCI R27,HIGH(-@0)
                 	LD   R0,X+
                 	LD   R1,X+
                 	LD   R24,X+
                 	LD   R25,X
                 	MOVW R26,R0
                 	.ENDM
                 
                 	.MACRO __GETBRSX
                 	MOVW R30,R28
                 	SUBI R30,LOW(-@1)
                 	SBCI R31,HIGH(-@1)
                 	LD   R@0,Z
                 	.ENDM
                 
                 	.MACRO __GETWRSX
                 	MOVW R30,R28
                 	SUBI R30,LOW(-@2)
                 	SBCI R31,HIGH(-@2)
                 	LD   R@0,Z+
                 	LD   R@1,Z
                 	.ENDM
                 
                 	.MACRO __GETBRSX2
                 	MOVW R26,R28
                 	SUBI R26,LOW(-@1)
                 	SBCI R27,HIGH(-@1)
                 	LD   R@0,X
                 	.ENDM
                 
                 	.MACRO __GETWRSX2
                 	MOVW R26,R28
                 	SUBI R26,LOW(-@2)
                 	SBCI R27,HIGH(-@2)
                 	LD   R@0,X+
                 	LD   R@1,X
                 	.ENDM
                 
                 	.MACRO __LSLW8SX
                 	MOVW R30,R28
                 	SUBI R30,LOW(-@0)
                 	SBCI R31,HIGH(-@0)
                 	LD   R31,Z
                 	CLR  R30
                 	.ENDM
                 
                 	.MACRO __PUTB1SX
                 	MOVW R26,R28
                 	SUBI R26,LOW(-@0)
                 	SBCI R27,HIGH(-@0)
                 	ST   X,R30
                 	.ENDM
                 
                 	.MACRO __PUTW1SX
                 	MOVW R26,R28
                 	SUBI R26,LOW(-@0)
                 	SBCI R27,HIGH(-@0)
                 	ST   X+,R30
                 	ST   X,R31
                 	.ENDM
                 
                 	.MACRO __PUTD1SX
                 	MOVW R26,R28
                 	SUBI R26,LOW(-@0)
                 	SBCI R27,HIGH(-@0)
                 	ST   X+,R30
                 	ST   X+,R31
                 	ST   X+,R22
                 	ST   X,R23
                 	.ENDM
                 
                 	.MACRO __CLRW1SX
                 	MOVW R26,R28
                 	SUBI R26,LOW(-@0)
                 	SBCI R27,HIGH(-@0)
                 	ST   X+,R30
                 	ST   X,R30
                 	.ENDM
                 
                 	.MACRO __CLRD1SX
                 	MOVW R26,R28
                 	SUBI R26,LOW(-@0)
                 	SBCI R27,HIGH(-@0)
                 	ST   X+,R30
                 	ST   X+,R30
                 	ST   X+,R30
                 	ST   X,R30
                 	.ENDM
                 
                 	.MACRO __PUTB2SX
                 	MOVW R30,R28
                 	SUBI R30,LOW(-@0)
                 	SBCI R31,HIGH(-@0)
                 	ST   Z,R26
                 	.ENDM
                 
                 	.MACRO __PUTW2SX
                 	MOVW R30,R28
                 	SUBI R30,LOW(-@0)
                 	SBCI R31,HIGH(-@0)
                 	ST   Z+,R26
                 	ST   Z,R27
                 	.ENDM
                 
                 	.MACRO __PUTD2SX
                 	MOVW R30,R28
                 	SUBI R30,LOW(-@0)
                 	SBCI R31,HIGH(-@0)
                 	ST   Z+,R26
                 	ST   Z+,R27
                 	ST   Z+,R24
                 	ST   Z,R25
                 	.ENDM
                 
                 	.MACRO __PUTBSRX
                 	MOVW R30,R28
                 	SUBI R30,LOW(-@1)
                 	SBCI R31,HIGH(-@1)
                 	ST   Z,R@0
                 	.ENDM
                 
                 	.MACRO __PUTWSRX
                 	MOVW R30,R28
                 	SUBI R30,LOW(-@2)
                 	SBCI R31,HIGH(-@2)
                 	ST   Z+,R@0
                 	ST   Z,R@1
                 	.ENDM
                 
                 	.MACRO __PUTB1SNX
                 	MOVW R26,R28
                 	SUBI R26,LOW(-@0)
                 	SBCI R27,HIGH(-@0)
                 	LD   R0,X+
                 	LD   R27,X
                 	MOV  R26,R0
                 	SUBI R26,LOW(-@1)
                 	SBCI R27,HIGH(-@1)
                 	ST   X,R30
                 	.ENDM
                 
                 	.MACRO __PUTW1SNX
                 	MOVW R26,R28
                 	SUBI R26,LOW(-@0)
                 	SBCI R27,HIGH(-@0)
                 	LD   R0,X+
                 	LD   R27,X
                 	MOV  R26,R0
                 	SUBI R26,LOW(-@1)
                 	SBCI R27,HIGH(-@1)
                 	ST   X+,R30
                 	ST   X,R31
                 	.ENDM
                 
                 	.MACRO __PUTD1SNX
                 	MOVW R26,R28
                 	SUBI R26,LOW(-@0)
                 	SBCI R27,HIGH(-@0)
                 	LD   R0,X+
                 	LD   R27,X
                 	MOV  R26,R0
                 	SUBI R26,LOW(-@1)
                 	SBCI R27,HIGH(-@1)
                 	ST   X+,R30
                 	ST   X+,R31
                 	ST   X+,R22
                 	ST   X,R23
                 	.ENDM
                 
                 	.MACRO __MULBRR
                 	MULS R@0,R@1
                 	MOVW R30,R0
                 	.ENDM
                 
                 	.MACRO __MULBRRU
                 	MUL  R@0,R@1
                 	MOVW R30,R0
                 	.ENDM
                 
                 	.MACRO __MULBRR0
                 	MULS R@0,R@1
                 	.ENDM
                 
                 	.MACRO __MULBRRU0
                 	MUL  R@0,R@1
                 	.ENDM
                 
                 	.MACRO __MULBNWRU
                 	LDI  R26,@2
                 	MUL  R26,R@0
                 	MOVW R30,R0
                 	MUL  R26,R@1
                 	ADD  R31,R0
                 	.ENDM
                 
                 ;NAME DEFINITIONS FOR GLOBAL VARIABLES ALLOCATED TO REGISTERS
                 	.DEF _keyState=R5
                 	.DEF _keyCode=R4
                 	.DEF _keyDown=R7
                 	.DEF _buf=R6
                 
                 	.CSEG
                 	.ORG 0x00
                 
                 ;INTERRUPT VECTORS
000000 940c 004b 	JMP  __RESET
000002 940c 0000 	JMP  0x00
000004 940c 0000 	JMP  0x00
000006 940c 0000 	JMP  0x00
000008 940c 0000 	JMP  0x00
00000a 940c 0000 	JMP  0x00
00000c 940c 0000 	JMP  0x00
00000e 940c 0000 	JMP  0x00
000010 940c 0000 	JMP  0x00
000012 940c 0000 	JMP  0x00
000014 940c 0000 	JMP  0x00
000016 940c 0000 	JMP  0x00
000018 940c 0000 	JMP  0x00
00001a 940c 0000 	JMP  0x00
00001c 940c 0000 	JMP  0x00
00001e 940c 0000 	JMP  0x00
000020 940c 0000 	JMP  0x00
000022 940c 0000 	JMP  0x00
000024 940c 0000 	JMP  0x00
000026 940c 0000 	JMP  0x00
000028 940c 0000 	JMP  0x00
                 
                 _keyTable:
00002a 31ee
00002b 32ed
00002c 33eb
00002d 41e7      	.DB  0xEE,0x31,0xED,0x32,0xEB,0x33,0xE7,0x41
00002e 34de
00002f 35dd
000030 36db
000031 42d7      	.DB  0xDE,0x34,0xDD,0x35,0xDB,0x36,0xD7,0x42
000032 37be
000033 38bd
000034 39bb
000035 43b7      	.DB  0xBE,0x37,0xBD,0x38,0xBB,0x39,0xB7,0x43
000036 2a7e
000037 307d
000038 237b
000039 4477      	.DB  0x7E,0x2A,0x7D,0x30,0x7B,0x23,0x77,0x44
                 
                 _0x20:
J:\avr_proj\CodeVision\Keyboard-dr\List\Keyboard-dr.asm(1089): warning: .cseg .db misalignment - padding zero byte
00003a 0000      	.DB  0x0
                 _0x40009:
J:\avr_proj\CodeVision\Keyboard-dr\List\Keyboard-dr.asm(1091): warning: .cseg .db misalignment - padding zero byte
00003b 0000      	.DB  0x0
                 _0x40000:
00003c 5643
00003d 4b20
00003e 7965
00003f 203a      	.DB  0x43,0x56,0x20,0x4B,0x65,0x79,0x3A,0x20
J:\avr_proj\CodeVision\Keyboard-dr\List\Keyboard-dr.asm(1094): warning: .cseg .db misalignment - padding zero byte
000040 0000      	.DB  0x0
                 
                 __GLOBAL_INI_TBL:
000041 0001      	.DW  0x01
000042 0005      	.DW  0x05
000043 0074      	.DW  _0x20*2
                 
000044 0009      	.DW  0x09
000045 0160      	.DW  _0x40003
000046 0078      	.DW  _0x40000*2
                 
000047 0001      	.DW  0x01
000048 0006      	.DW  0x06
000049 0076      	.DW  _0x40009*2
                 
                 _0xFFFFFFFF:
00004a 0000      	.DW  0
                 
                 __RESET:
00004b 94f8      	CLI
00004c 27ee      	CLR  R30
00004d bbec      	OUT  EECR,R30
                 
                 ;INTERRUPT VECTORS ARE PLACED
                 ;AT THE START OF FLASH
00004e e0f1      	LDI  R31,1
00004f bffb      	OUT  GICR,R31
000050 bfeb      	OUT  GICR,R30
000051 bfe5      	OUT  MCUCR,R30
                 
                 ;DISABLE WATCHDOG
000052 e1f8      	LDI  R31,0x18
000053 bdf1      	OUT  WDTCR,R31
000054 bde1      	OUT  WDTCR,R30
                 
                 ;CLEAR R2-R14
000055 e08d      	LDI  R24,(14-2)+1
000056 e0a2      	LDI  R26,2
000057 27bb      	CLR  R27
                 __CLEAR_REG:
000058 93ed      	ST   X+,R30
000059 958a      	DEC  R24
00005a f7e9      	BRNE __CLEAR_REG
                 
                 ;CLEAR SRAM
00005b e080      	LDI  R24,LOW(0x400)
00005c e094      	LDI  R25,HIGH(0x400)
00005d e6a0      	LDI  R26,0x60
                 __CLEAR_SRAM:
00005e 93ed      	ST   X+,R30
00005f 9701      	SBIW R24,1
000060 f7e9      	BRNE __CLEAR_SRAM
                 
                 ;GLOBAL VARIABLES INITIALIZATION
000061 e8e2      	LDI  R30,LOW(__GLOBAL_INI_TBL*2)
000062 e0f0      	LDI  R31,HIGH(__GLOBAL_INI_TBL*2)
                 __GLOBAL_INI_NEXT:
000063 9185      	LPM  R24,Z+
000064 9195      	LPM  R25,Z+
000065 9700      	SBIW R24,0
000066 f061      	BREQ __GLOBAL_INI_END
000067 91a5      	LPM  R26,Z+
000068 91b5      	LPM  R27,Z+
000069 9005      	LPM  R0,Z+
00006a 9015      	LPM  R1,Z+
00006b 01bf      	MOVW R22,R30
00006c 01f0      	MOVW R30,R0
                 __GLOBAL_INI_LOOP:
00006d 9005      	LPM  R0,Z+
00006e 920d      	ST   X+,R0
00006f 9701      	SBIW R24,1
000070 f7e1      	BRNE __GLOBAL_INI_LOOP
000071 01fb      	MOVW R30,R22
000072 cff0      	RJMP __GLOBAL_INI_NEXT
                 __GLOBAL_INI_END:
                 
                 ;STACK POINTER INITIALIZATION
000073 e5ef      	LDI  R30,LOW(0x45F)
000074 bfed      	OUT  SPL,R30
000075 e0e4      	LDI  R30,HIGH(0x45F)
000076 bfee      	OUT  SPH,R30
                 
                 ;DATA STACK POINTER INITIALIZATION
000077 e6c0      	LDI  R28,LOW(0x160)
000078 e0d1      	LDI  R29,HIGH(0x160)
                 
000079 940c 0189 	JMP  _main
                 
                 	.ESEG
                 	.ORG 0
                 
                 	.DSEG
                 	.ORG 0x160
                 
                 	.CSEG
                 ;//*****************************************************************************
                 ;//
                 ;//  Author(s)...: Pashgan    http://ChipEnable.Ru
                 ;//
                 ;//  Target(s)...: любой
                 ;//
                 ;//  Compiler....: любой
                 ;//
                 ;//  Description.: Универсальный драйвер матричной клавиатуры
                 ;//
                 ;//  Data........: 12.10.2011
                 ;//
                 ;//******************************************************************************
                 ;#include "keyboard.h"
                 ;
                 ;
                 ;//раздел для совместимости с компиляторами**************************************
                 ;//менять здесь ничего не надо
                 ;
                 ;#ifdef  __ICCAVR__
                 ;  #include <ioavr.h>
                 ;  #include <intrinsics.h>
                 ;
                 ;  #define _delay_us(value)  __delay_cycles((F_CPU / 1000000) * (value));
                 ;  #define FLASH_ATR         __flash
                 ;  #define read_flash(adr)   adr
                 ;#endif
                 ;
                 ;#ifdef  __GNUC__
                 ;  #include <avr/io.h>
                 ;  #include <util/delay.h>
                 ;  #include <avr/interrupt.h>
                 ;  #include <avr/pgmspace.h>
                 ;
                 ;  #define FLASH_ATR         PROGMEM
                 ;  #define read_flash(adr)   pgm_read_byte(&(adr))
                 ;#endif
                 ;
                 ;#ifdef __CODEVISIONAVR__
                 ;  #include <io.h>
                 	#ifndef __SLEEP_DEFINED__
                 	#define __SLEEP_DEFINED__
                 	.EQU __se_bit=0x40
                 	.EQU __sm_mask=0xB0
                 	.EQU __sm_powerdown=0x20
                 	.EQU __sm_powersave=0x30
                 	.EQU __sm_standby=0xA0
                 	.EQU __sm_ext_standby=0xB0
                 	.EQU __sm_adc_noise_red=0x10
                 	.SET power_ctrl_reg=mcucr
                 	#endif
                 ;  #include <delay.h>
                 ;
                 ;  #define _delay_us(value) delay_us(value)
                 ;  #define FLASH_ATR         __flash
                 ;  #define read_flash(adr)   adr
                 ;#endif
                 ;//******************************************************************************
                 ;
                 ;
                 ;
                 ;
                 ;#ifdef KEYBOARD_4X4
                 ;   #warning "Keyboard 4x4"
                 ;
                 ;   #define KEYS 16
                 ;   #define SCAN_CYCLES 4
                 ;   #define ROW_MASK ((1<<PIN_ROW1)|(1<<PIN_ROW2)|(1<<PIN_ROW3)|(1<<PIN_ROW4))
                 ;   #define COL_MASK ((1<<PIN_COL1)|(1<<PIN_COL2)|(1<<PIN_COL3)|(1<<PIN_COL4))
                 ;
                 ;  //таблица перекодировки
                 ;  FLASH_ATR unsigned char keyTable[][2] = {
                 ;  {((~(1<<PIN_ROW1)&(ROW_MASK))|(~(1<<PIN_COL1)&(COL_MASK))), EVENT_KEY1},
                 ;  {((~(1<<PIN_ROW1)&(ROW_MASK))|(~(1<<PIN_COL2)&(COL_MASK))), EVENT_KEY2},
                 ;  {((~(1<<PIN_ROW1)&(ROW_MASK))|(~(1<<PIN_COL3)&(COL_MASK))), EVENT_KEY3},
                 ;  {((~(1<<PIN_ROW1)&(ROW_MASK))|(~(1<<PIN_COL4)&(COL_MASK))), EVENT_KEYA},
                 ;
                 ;  {((~(1<<PIN_ROW2)&(ROW_MASK))|(~(1<<PIN_COL1)&(COL_MASK))), EVENT_KEY4},
                 ;  {((~(1<<PIN_ROW2)&(ROW_MASK))|(~(1<<PIN_COL2)&(COL_MASK))), EVENT_KEY5},
                 ;  {((~(1<<PIN_ROW2)&(ROW_MASK))|(~(1<<PIN_COL3)&(COL_MASK))), EVENT_KEY6},
                 ;  {((~(1<<PIN_ROW2)&(ROW_MASK))|(~(1<<PIN_COL4)&(COL_MASK))), EVENT_KEYB},
                 ;
                 ;  {((~(1<<PIN_ROW3)&(ROW_MASK))|(~(1<<PIN_COL1)&(COL_MASK))), EVENT_KEY7},
                 ;  {((~(1<<PIN_ROW3)&(ROW_MASK))|(~(1<<PIN_COL2)&(COL_MASK))), EVENT_KEY8},
                 ;  {((~(1<<PIN_ROW3)&(ROW_MASK))|(~(1<<PIN_COL3)&(COL_MASK))), EVENT_KEY9},
                 ;  {((~(1<<PIN_ROW3)&(ROW_MASK))|(~(1<<PIN_COL4)&(COL_MASK))), EVENT_KEYC},
                 ;
                 ;  {((~(1<<PIN_ROW4)&(ROW_MASK))|(~(1<<PIN_COL1)&(COL_MASK))), EVENT_KEYZ},
                 ;  {((~(1<<PIN_ROW4)&(ROW_MASK))|(~(1<<PIN_COL2)&(COL_MASK))), EVENT_KEY0},
                 ;  {((~(1<<PIN_ROW4)&(ROW_MASK))|(~(1<<PIN_COL3)&(COL_MASK))), EVENT_KEYR},
                 ;  {((~(1<<PIN_ROW4)&(ROW_MASK))|(~(1<<PIN_COL4)&(COL_MASK))), EVENT_KEYD}
                 ;  };
                 ;
                 ;#else
                 ;  #warning "Keyboard3x4"
                 ;
                 ;  #define KEYS 12
                 ;  #define SCAN_CYCLES 3
                 ;  #define ROW_MASK ((1<<PIN_ROW1)|(1<<PIN_ROW2)|(1<<PIN_ROW3)|(1<<PIN_ROW4))
                 ;  #define COL_MASK ((1<<PIN_COL1)|(1<<PIN_COL2)|(1<<PIN_COL3))
                 ;
                 ;  //таблица перекодировки
                 ;  FLASH_ATR unsigned char keyTable[][2] = {
                 ;  {((~(1<<PIN_ROW1)&(ROW_MASK))|(~(1<<PIN_COL1)&(COL_MASK))), EVENT_KEY1},
                 ;  {((~(1<<PIN_ROW1)&(ROW_MASK))|(~(1<<PIN_COL2)&(COL_MASK))), EVENT_KEY2},
                 ;  {((~(1<<PIN_ROW1)&(ROW_MASK))|(~(1<<PIN_COL3)&(COL_MASK))), EVENT_KEY3},
                 ;
                 ;  {((~(1<<PIN_ROW2)&(ROW_MASK))|(~(1<<PIN_COL1)&(COL_MASK))), EVENT_KEY4},
                 ;  {((~(1<<PIN_ROW2)&(ROW_MASK))|(~(1<<PIN_COL2)&(COL_MASK))), EVENT_KEY5},
                 ;  {((~(1<<PIN_ROW2)&(ROW_MASK))|(~(1<<PIN_COL3)&(COL_MASK))), EVENT_KEY6},
                 ;
                 ;  {((~(1<<PIN_ROW3)&(ROW_MASK))|(~(1<<PIN_COL1)&(COL_MASK))), EVENT_KEY7},
                 ;  {((~(1<<PIN_ROW3)&(ROW_MASK))|(~(1<<PIN_COL2)&(COL_MASK))), EVENT_KEY8},
                 ;  {((~(1<<PIN_ROW3)&(ROW_MASK))|(~(1<<PIN_COL3)&(COL_MASK))), EVENT_KEY9},
                 ;
                 ;  {((~(1<<PIN_ROW4)&(ROW_MASK))|(~(1<<PIN_COL1)&(COL_MASK))), EVENT_KEYZ},
                 ;  {((~(1<<PIN_ROW4)&(ROW_MASK))|(~(1<<PIN_COL2)&(COL_MASK))), EVENT_KEY0},
                 ;  {((~(1<<PIN_ROW4)&(ROW_MASK))|(~(1<<PIN_COL3)&(COL_MASK))), EVENT_KEYR}
                 ;  };
                 ;
                 ;#endif
                 ;
                 ;
                 ;#define DELAY 5
                 ;
                 ;//состояние автомата
                 ;unsigned char keyState = 0;
                 ;//код кнопки
                 ;unsigned char keyCode;
                 ;//символьный код кнопки
                 ;volatile unsigned char keyValue;
                 ;//флаг - кнопка нажата и удерживается
                 ;unsigned char keyDown;
                 ;//флаг - нажата новая кнопка
                 ;volatile unsigned char keyNew;
                 ;
                 ;unsigned char KEYB_AnyKey(void);
                 ;unsigned char KEYB_SameKey(void);
                 ;void KEYB_ScanKey(void);
                 ;void KEYB_FindKey(void);
                 ;void KEYB_ClearKey(void);
                 ;
                 ;//инициализация портов,
                 ;//обнуление переменных
                 ;void KEYB_Init(void)
                 ; 0000 0087 {
                 
                 	.CSEG
                 _KEYB_Init:
                 ; 0000 0088 #ifndef COMMON_BUS
                 ; 0000 0089   //вход, подтяжка
                 ; 0000 008A   DDRX_ROW &= ~ROW_MASK;
                 ; 0000 008B   PORTX_ROW |= ROW_MASK;
                 ; 0000 008C   //выход, ноль
                 ; 0000 008D   DDRX_COL |= COL_MASK;
                 ; 0000 008E   PORTX_COL &= ~COL_MASK;
                 ; 0000 008F #endif //COMMON_BUS
                 ; 0000 0090 
                 ; 0000 0091   keyState = 0;
00007b 2455      	CLR  R5
                 ; 0000 0092   keyCode = 0;
00007c 2444      	CLR  R4
                 ; 0000 0093   keyValue = 0;
00007d e0e0      	LDI  R30,LOW(0)
00007e 93e0 0169 	STS  _keyValue,R30
                 ; 0000 0094   keyDown = 0;
000080 2477      	CLR  R7
                 ; 0000 0095   keyNew = 0;
000081 93e0 016a 	STS  _keyNew,R30
                 ; 0000 0096 }
000083 9508      	RET
                 ;
                 ;
                 ;void KEYB_ScanKeyboard(void)
                 ; 0000 009A {
                 _KEYB_ScanKeyboard:
                 ; 0000 009B #ifdef COMMON_BUS
                 ; 0000 009C   unsigned char buf[4];
                 ; 0000 009D   buf[0] = DDRX_COL;
000084 9724      	SBIW R28,4
                 ;	buf -> Y+0
000085 b3e7      	IN   R30,0x17
000086 83e8      	ST   Y,R30
                 ; 0000 009E   buf[1] = PORTX_COL;
000087 b3e8      	IN   R30,0x18
000088 83e9      	STD  Y+1,R30
                 ; 0000 009F   buf[2] = DDRX_ROW;
000089 b3ea      	IN   R30,0x1A
00008a 83ea      	STD  Y+2,R30
                 ; 0000 00A0   buf[3] = PORTX_ROW;
00008b b3eb      	IN   R30,0x1B
00008c 83eb      	STD  Y+3,R30
                 ; 0000 00A1 
                 ; 0000 00A2   //вход, подтяжка
                 ; 0000 00A3   DDRX_ROW &= ~ROW_MASK;
00008d b3ea      	IN   R30,0x1A
00008e 70ef      	ANDI R30,LOW(0xF)
00008f bbea      	OUT  0x1A,R30
                 ; 0000 00A4   PORTX_ROW |= ROW_MASK;
000090 b3eb      	IN   R30,0x1B
000091 6fe0      	ORI  R30,LOW(0xF0)
000092 bbeb      	OUT  0x1B,R30
                 ; 0000 00A5 
                 ; 0000 00A6   //выход, ноль
                 ; 0000 00A7   DDRX_COL |= COL_MASK;
000093 b3e7      	IN   R30,0x17
000094 60ef      	ORI  R30,LOW(0xF)
000095 bbe7      	OUT  0x17,R30
                 ; 0000 00A8   PORTX_COL &= ~COL_MASK;
000096 b3e8      	IN   R30,0x18
000097 7fe0      	ANDI R30,LOW(0xF0)
000098 bbe8      	OUT  0x18,R30
                 ; 0000 00A9 #endif //COMMON_BUS
                 ; 0000 00AA 
                 ; 0000 00AB   switch (keyState){
000099 2de5      	MOV  R30,R5
                 ; 0000 00AC      case 0: {
00009a 30e0      	CPI  R30,0
00009b f439      	BRNE _0x6
                 ; 0000 00AD        if (KEYB_AnyKey()) {
00009c d02d      	RCALL _KEYB_AnyKey
00009d 30e0      	CPI  R30,0
00009e f019      	BREQ _0x7
                 ; 0000 00AE          KEYB_ScanKey();
00009f d041      	RCALL _KEYB_ScanKey
                 ; 0000 00AF          keyState = 1;
0000a0 e0e1      	LDI  R30,LOW(1)
0000a1 2e5e      	MOV  R5,R30
                 ; 0000 00B0        }
                 ; 0000 00B1      }
                 _0x7:
                 ; 0000 00B2      break;
0000a2 c01d      	RJMP _0x5
                 ; 0000 00B3 
                 ; 0000 00B4      case 1: {
                 _0x6:
0000a3 30e1      	CPI  R30,LOW(0x1)
0000a4 f449      	BRNE _0x8
                 ; 0000 00B5        if (KEYB_SameKey()) {
0000a5 d02a      	RCALL _KEYB_SameKey
0000a6 30e0      	CPI  R30,0
0000a7 f021      	BREQ _0x9
                 ; 0000 00B6          KEYB_FindKey();
0000a8 d058      	RCALL _KEYB_FindKey
                 ; 0000 00B7          keyState = 2;
0000a9 e0e2      	LDI  R30,LOW(2)
0000aa 2e5e      	MOV  R5,R30
                 ; 0000 00B8        }
                 ; 0000 00B9        else keyState = 0;
0000ab c001      	RJMP _0xA
                 _0x9:
0000ac 2455      	CLR  R5
                 ; 0000 00BA      }
                 _0xA:
                 ; 0000 00BB      break;
0000ad c012      	RJMP _0x5
                 ; 0000 00BC 
                 ; 0000 00BD      case 2: {
                 _0x8:
0000ae 30e2      	CPI  R30,LOW(0x2)
0000af f431      	BRNE _0xB
                 ; 0000 00BE        if (KEYB_SameKey()) {}
0000b0 d01f      	RCALL _KEYB_SameKey
0000b1 30e0      	CPI  R30,0
0000b2 f411      	BRNE _0xD
                 ; 0000 00BF        else keyState = 3;
0000b3 e0e3      	LDI  R30,LOW(3)
0000b4 2e5e      	MOV  R5,R30
                 ; 0000 00C0      }
                 _0xD:
                 ; 0000 00C1      break;
0000b5 c00a      	RJMP _0x5
                 ; 0000 00C2 
                 ; 0000 00C3      case 3: {
                 _0xB:
0000b6 30e3      	CPI  R30,LOW(0x3)
0000b7 f441      	BRNE _0x11
                 ; 0000 00C4        if (KEYB_SameKey()) {
0000b8 d017      	RCALL _KEYB_SameKey
0000b9 30e0      	CPI  R30,0
0000ba f019      	BREQ _0xF
                 ; 0000 00C5          keyState = 2;
0000bb e0e2      	LDI  R30,LOW(2)
0000bc 2e5e      	MOV  R5,R30
                 ; 0000 00C6        }
                 ; 0000 00C7        else {
0000bd c002      	RJMP _0x10
                 _0xF:
                 ; 0000 00C8          KEYB_ClearKey();
0000be d05a      	RCALL _KEYB_ClearKey
                 ; 0000 00C9          keyState = 0;
0000bf 2455      	CLR  R5
                 ; 0000 00CA        }
                 _0x10:
                 ; 0000 00CB      }
                 ; 0000 00CC      break;
                 ; 0000 00CD 
                 ; 0000 00CE      default:
                 _0x11:
                 ; 0000 00CF        break;
                 ; 0000 00D0    }
                 _0x5:
                 ; 0000 00D1 
                 ; 0000 00D2 #ifdef COMMON_BUS
                 ; 0000 00D3   DDRX_COL = buf[0];
0000c0 81e8      	LD   R30,Y
0000c1 bbe7      	OUT  0x17,R30
                 ; 0000 00D4   PORTX_COL = buf[1];
0000c2 81e9      	LDD  R30,Y+1
0000c3 bbe8      	OUT  0x18,R30
                 ; 0000 00D5   DDRX_ROW = buf[2];
0000c4 81ea      	LDD  R30,Y+2
0000c5 bbea      	OUT  0x1A,R30
                 ; 0000 00D6   PORTX_ROW = buf[3];
0000c6 81eb      	LDD  R30,Y+3
0000c7 bbeb      	OUT  0x1B,R30
                 ; 0000 00D7 #endif //COMMON_BUS
                 ; 0000 00D8 }
0000c8 9624      	ADIW R28,4
0000c9 9508      	RET
                 ;
                 ;
                 ;//возвращает true если какая нибудь кнопка нажата
                 ;unsigned char KEYB_AnyKey(void)
                 ; 0000 00DD {
                 _KEYB_AnyKey:
                 ; 0000 00DE   PORTX_COL &= ~COL_MASK;
0000ca b3e8      	IN   R30,0x18
0000cb 7fe0      	ANDI R30,LOW(0xF0)
0000cc bbe8      	OUT  0x18,R30
                 ; 0000 00DF   _delay_us(DELAY);
0000cd 940e 01a8 	CALL SUBOPT_0x0
                 ; 0000 00E0   return (~PINX_ROW & ROW_MASK);
0000cf 9508      	RET
                 ; 0000 00E1 }
                 ;
                 ;//возвращает true, если удерживается та же кнопка,
                 ;//что и в предыдущем цикле опроса
                 ;unsigned char KEYB_SameKey(void)
                 ; 0000 00E6 {
                 _KEYB_SameKey:
                 ; 0000 00E7   PORTX_COL &= ~COL_MASK;
0000d0 b3e8      	IN   R30,0x18
0000d1 7fe0      	ANDI R30,LOW(0xF0)
0000d2 bbe8      	OUT  0x18,R30
                 ; 0000 00E8   PORTX_COL |= (keyCode & COL_MASK);
0000d3 b3e8      	IN   R30,0x18
0000d4 2fae      	MOV  R26,R30
0000d5 2de4      	MOV  R30,R4
0000d6 70ef      	ANDI R30,LOW(0xF)
0000d7 2bea      	OR   R30,R26
0000d8 bbe8      	OUT  0x18,R30
                 ; 0000 00E9   return ((~keyCode & ROW_MASK)&(~PINX_ROW));
0000d9 2de4      	MOV  R30,R4
0000da 95e0      	COM  R30
0000db 7fe0      	ANDI R30,LOW(0xF0)
0000dc 2fae      	MOV  R26,R30
0000dd b3e9      	IN   R30,0x19
0000de 95e0      	COM  R30
0000df 23ea      	AND  R30,R26
0000e0 9508      	RET
                 ; 0000 00EA }
                 ;
                 ;
                 ;//сканирует клавиатуру
                 ;void KEYB_ScanKey(void)
                 ; 0000 00EF {
                 _KEYB_ScanKey:
                 ; 0000 00F0     unsigned char i;
                 ; 0000 00F1     for(i = 0; i<SCAN_CYCLES; i++){
0000e1 931a      	ST   -Y,R17
                 ;	i -> R17
0000e2 e010      	LDI  R17,LOW(0)
                 _0x13:
0000e3 3014      	CPI  R17,4
0000e4 f4d8      	BRSH _0x14
                 ; 0000 00F2        PORTX_COL |= COL_MASK;
0000e5 b3e8      	IN   R30,0x18
0000e6 60ef      	ORI  R30,LOW(0xF)
0000e7 bbe8      	OUT  0x18,R30
                 ; 0000 00F3        if (i == 0) PORTX_COL &= ~(1<<PIN_COL1);
0000e8 3010      	CPI  R17,0
0000e9 f409      	BRNE _0x15
0000ea 98c0      	CBI  0x18,0
                 ; 0000 00F4        if (i == 1) PORTX_COL &= ~(1<<PIN_COL2);
                 _0x15:
0000eb 3011      	CPI  R17,1
0000ec f409      	BRNE _0x16
0000ed 98c1      	CBI  0x18,1
                 ; 0000 00F5        if (i == 2) PORTX_COL &= ~(1<<PIN_COL3);
                 _0x16:
0000ee 3012      	CPI  R17,2
0000ef f409      	BRNE _0x17
0000f0 98c2      	CBI  0x18,2
                 ; 0000 00F6        #ifdef KEYBOARD_4X4
                 ; 0000 00F7        if (i == 3) PORTX_COL &= ~(1<<PIN_COL4);
                 _0x17:
0000f1 3013      	CPI  R17,3
0000f2 f409      	BRNE _0x18
0000f3 98c3      	CBI  0x18,3
                 ; 0000 00F8        #endif
                 ; 0000 00F9        _delay_us(DELAY);
                 _0x18:
0000f4 940e 01a8 	CALL SUBOPT_0x0
                 ; 0000 00FA        if (~PINX_ROW & ROW_MASK) {
0000f6 f039      	BREQ _0x19
                 ; 0000 00FB          keyCode = PINX_ROW & ROW_MASK;
0000f7 b3e9      	IN   R30,0x19
0000f8 7fe0      	ANDI R30,LOW(0xF0)
0000f9 2e4e      	MOV  R4,R30
                 ; 0000 00FC          keyCode |= PORTX_COL & COL_MASK;
0000fa b3e8      	IN   R30,0x18
0000fb 70ef      	ANDI R30,LOW(0xF)
0000fc 2a4e      	OR   R4,R30
                 ; 0000 00FD          return;
0000fd c019      	RJMP _0x2000004
                 ; 0000 00FE        }
                 ; 0000 00FF     }
                 _0x19:
0000fe 5f1f      	SUBI R17,-1
0000ff cfe3      	RJMP _0x13
                 _0x14:
                 ; 0000 0100 }
000100 c016      	RJMP _0x2000004
                 ;
                 ;
                 ;
                 ;//ищет символьный код кнопки по таблице
                 ;//обновляет значения флагов
                 ;void KEYB_FindKey(void)
                 ; 0000 0107 {
                 _KEYB_FindKey:
                 ; 0000 0108   unsigned char index;
                 ; 0000 0109   for (index = 0; index < KEYS; index++) {
000101 931a      	ST   -Y,R17
                 ;	index -> R17
000102 e010      	LDI  R17,LOW(0)
                 _0x1B:
000103 3110      	CPI  R17,16
000104 f490      	BRSH _0x1C
                 ; 0000 010A     if (read_flash(keyTable [index][0]) == keyCode) {
000105 940e 01af 	CALL SUBOPT_0x1
000107 91a4      	LPM  R26,Z
000108 164a      	CP   R4,R26
000109 f459      	BRNE _0x1D
                 ; 0000 010B       keyValue = read_flash(keyTable [index][1]);
00010a 940e 01af 	CALL SUBOPT_0x1
00010c 9631      	ADIW R30,1
00010d 9004      	LPM  R0,Z
00010e 9200 0169 	STS  _keyValue,R0
                 ; 0000 010C       keyDown = 1;
000110 e0e1      	LDI  R30,LOW(1)
000111 2e7e      	MOV  R7,R30
                 ; 0000 010D       keyNew = 1;
000112 93e0 016a 	STS  _keyNew,R30
                 ; 0000 010E       return;
000114 c002      	RJMP _0x2000004
                 ; 0000 010F     }
                 ; 0000 0110   }
                 _0x1D:
000115 5f1f      	SUBI R17,-1
000116 cfec      	RJMP _0x1B
                 _0x1C:
                 ; 0000 0111 }
                 _0x2000004:
000117 9119      	LD   R17,Y+
000118 9508      	RET
                 ;
                 ;//сбрасывает флаг
                 ;void KEYB_ClearKey(void)
                 ; 0000 0115 {
                 _KEYB_ClearKey:
                 ; 0000 0116   keyDown = 0;
000119 2477      	CLR  R7
                 ; 0000 0117 }
00011a 9508      	RET
                 ;
                 ;//возвращает код нажатой кнопки
                 ;unsigned char KEYB_GetKey(void)
                 ; 0000 011B {
                 _KEYB_GetKey:
                 ; 0000 011C   if (keyNew){
00011b 91e0 016a 	LDS  R30,_keyNew
00011d 30e0      	CPI  R30,0
00011e f031      	BREQ _0x1E
                 ; 0000 011D     keyNew = 0;
00011f e0e0      	LDI  R30,LOW(0)
000120 93e0 016a 	STS  _keyNew,R30
                 ; 0000 011E     return keyValue;
000122 91e0 0169 	LDS  R30,_keyValue
000124 9508      	RET
                 ; 0000 011F   }
                 ; 0000 0120   else
                 _0x1E:
                 ; 0000 0121     return EVENT_NULL;
000125 e0e0      	LDI  R30,LOW(0)
000126 9508      	RET
                 ; 0000 0122 }
000127 9508      	RET
                 ;
                 ;#include "lcd_lib.h"
                 	#ifndef __SLEEP_DEFINED__
                 	#endif
                 ;
                 ;//макросы для работы с битами
                 ;#define ClearBit(reg, bit)       reg &= (~(1<<(bit)))
                 ;#define SetBit(reg, bit)         reg |= (1<<(bit))
                 ;
                 ;#define FLAG_BF 7
                 ;
                 ;unsigned char __swap_nibbles(unsigned char data)
                 ; 0001 000A {
                 
                 	.CSEG
                 ___swap_nibbles:
                 ; 0001 000B  #asm
                 ;	data -> Y+0
                 ; 0001 000C  ld r30, Y
000128 81e8       ld r30, Y
                 ; 0001 000D  swap r30
000129 95e2       swap r30
                 ; 0001 000E  #endasm
                 ; 0001 000F }
00012a c01e      	RJMP _0x2000002
                 ;
                 ;void LCD_WriteComInit(unsigned char data)
                 ; 0001 0012 {
                 _LCD_WriteComInit:
                 ; 0001 0013   unsigned char tmp;
                 ; 0001 0014   delay_us(40);
00012b 931a      	ST   -Y,R17
                 ;	data -> Y+1
                 ;	tmp -> R17
                +
00012c ed85     +LDI R24 , LOW ( 213 )
                +__DELAY_USB_LOOP :
00012d 958a     +DEC R24
00012e f7f1     +BRNE __DELAY_USB_LOOP
                 	__DELAY_USB 213
                 ; 0001 0015   ClearBit(PORT_SIG, RS);	//установка RS в 0 - команды
00012f 98ae      	CBI  0x15,6
                 ; 0001 0016 #ifdef BUS_4BIT
                 ; 0001 0017   tmp  = PORT_DATA & 0x0f;
000130 c007      	RJMP _0x2000003
                 ; 0001 0018   tmp |= (data & 0xf0);
                 ; 0001 0019   PORT_DATA = tmp;		//вывод старшей тетрады
                 ; 0001 001A #else
                 ; 0001 001B   PORT_DATA = data;		//вывод данных на шину индикатора
                 ; 0001 001C #endif
                 ; 0001 001D   SetBit(PORT_SIG, EN);	        //установка E в 1
                 ; 0001 001E   delay_us(2);
                 ; 0001 001F   ClearBit(PORT_SIG, EN);	//установка E в 0 - записывающий фронт
                 ; 0001 0020 }
                 ;
                 ;
                 ;inline static void LCD_CommonFunc(unsigned char data)
                 ; 0001 0024 {
                 _LCD_CommonFunc_G001:
                 ; 0001 0025 #ifdef BUS_4BIT
                 ; 0001 0026   unsigned char tmp;
                 ; 0001 0027   tmp  = PORT_DATA & 0x0f;
000131 931a      	ST   -Y,R17
                 ;	data -> Y+1
                 ;	tmp -> R17
000132 b3eb      	IN   R30,0x1B
000133 d084      	RCALL SUBOPT_0x2
                 ; 0001 0028   tmp |= (data & 0xf0);
                 ; 0001 0029 
                 ; 0001 002A   PORT_DATA = tmp;		//вывод старшей тетрады
                 ; 0001 002B   SetBit(PORT_SIG, EN);
                 ; 0001 002C   delay_us(2);
                 ; 0001 002D   ClearBit(PORT_SIG, EN);
                 ; 0001 002E 
                 ; 0001 002F   data = __swap_nibbles(data);
000134 81e9      	LDD  R30,Y+1
000135 93ea      	ST   -Y,R30
000136 dff1      	RCALL ___swap_nibbles
000137 83e9      	STD  Y+1,R30
                 ; 0001 0030   tmp  = PORT_DATA & 0x0f;
                 _0x2000003:
000138 b3eb      	IN   R30,0x1B
000139 d07e      	RCALL SUBOPT_0x2
                 ; 0001 0031   tmp |= (data & 0xf0);
                 ; 0001 0032 
                 ; 0001 0033   PORT_DATA = tmp;		//вывод младшей тетрады
                 ; 0001 0034   SetBit(PORT_SIG, EN);
                 ; 0001 0035   delay_us(2);
                 ; 0001 0036   ClearBit(PORT_SIG, EN);
                 ; 0001 0037 #else
                 ; 0001 0038   PORT_DATA = data;		//вывод данных на шину индикатора
                 ; 0001 0039   SetBit(PORT_SIG, EN);	        //установка E в 1
                 ; 0001 003A   delay_us(2);
                 ; 0001 003B   ClearBit(PORT_SIG, EN);	//установка E в 0 - записывающий фронт
                 ; 0001 003C #endif
                 ; 0001 003D }
00013a 8118      	LDD  R17,Y+0
00013b 9622      	ADIW R28,2
00013c 9508      	RET
                 ;
                 ;inline static void LCD_Wait(void)
                 ; 0001 0040 {
                 _LCD_Wait_G001:
                 ; 0001 0041 #ifdef CHECK_FLAG_BF
                 ; 0001 0042   #ifdef BUS_4BIT
                 ; 0001 0043 
                 ; 0001 0044   unsigned char data;
                 ; 0001 0045   DDRX_DATA &= 0x0f;            //конфигурируем порт на вход
                 ; 0001 0046   PORT_DATA |= 0xf0;	        //включаем pull-up резисторы
                 ; 0001 0047   SetBit(PORT_SIG, RW);         //RW в 1 чтение из lcd
                 ; 0001 0048   ClearBit(PORT_SIG, RS);	//RS в 0 команды
                 ; 0001 0049   do{
                 ; 0001 004A     SetBit(PORT_SIG, EN);
                 ; 0001 004B     delay_us(2);
                 ; 0001 004C     data = PIN_DATA & 0xf0;      //чтение данных с порта
                 ; 0001 004D     ClearBit(PORT_SIG, EN);
                 ; 0001 004E     data = __swap_nibbles(data);
                 ; 0001 004F     SetBit(PORT_SIG, EN);
                 ; 0001 0050     delay_us(2);
                 ; 0001 0051     data |= PIN_DATA & 0xf0;      //чтение данных с порта
                 ; 0001 0052     ClearBit(PORT_SIG, EN);
                 ; 0001 0053     data = __swap_nibbles(data);
                 ; 0001 0054   }while((data & (1<<FLAG_BF))!= 0 );
                 ; 0001 0055   ClearBit(PORT_SIG, RW);
                 ; 0001 0056   DDRX_DATA |= 0xf0;
                 ; 0001 0057 
                 ; 0001 0058   #else
                 ; 0001 0059   unsigned char data;
                 ; 0001 005A   DDRX_DATA = 0;                //конфигурируем порт на вход
                 ; 0001 005B   PORT_DATA = 0xff;	        //включаем pull-up резисторы
                 ; 0001 005C   SetBit(PORT_SIG, RW);         //RW в 1 чтение из lcd
                 ; 0001 005D   ClearBit(PORT_SIG, RS);	//RS в 0 команды
                 ; 0001 005E   do{
                 ; 0001 005F     SetBit(PORT_SIG, EN);
                 ; 0001 0060     delay_us(2);
                 ; 0001 0061     data = PIN_DATA;            //чтение данных с порта
                 ; 0001 0062     ClearBit(PORT_SIG, EN);
                 ; 0001 0063   }while((data & (1<<FLAG_BF))!= 0 );
                 ; 0001 0064   ClearBit(PORT_SIG, RW);
                 ; 0001 0065   DDRX_DATA = 0xff;
                 ; 0001 0066   #endif
                 ; 0001 0067 #else
                 ; 0001 0068   delay_us(40);
                +
00013d ed85     +LDI R24 , LOW ( 213 )
                +__DELAY_USB_LOOP :
00013e 958a     +DEC R24
00013f f7f1     +BRNE __DELAY_USB_LOOP
                 	__DELAY_USB 213
                 ; 0001 0069 #endif
                 ; 0001 006A }
000140 9508      	RET
                 ;
                 ;//функция записи команды
                 ;void LCD_WriteCom(unsigned char data)
                 ; 0001 006E {
                 _LCD_WriteCom:
                 ; 0001 006F   LCD_Wait();
                 ;	data -> Y+0
000141 dffb      	RCALL _LCD_Wait_G001
                 ; 0001 0070   ClearBit(PORT_SIG, RS);	//установка RS в 0 - команды
000142 98ae      	CBI  0x15,6
                 ; 0001 0071   LCD_CommonFunc(data);
000143 c002      	RJMP _0x2000001
                 ; 0001 0072 }
                 ;
                 ;//функция записи данных
                 ;void LCD_WriteData(unsigned char data)
                 ; 0001 0076 {
                 _LCD_WriteData:
                 ; 0001 0077   LCD_Wait();
                 ;	data -> Y+0
000144 dff8      	RCALL _LCD_Wait_G001
                 ; 0001 0078   SetBit(PORT_SIG, RS);	        //установка RS в 1 - данные
000145 9aae      	SBI  0x15,6
                 ; 0001 0079   LCD_CommonFunc(data);
                 _0x2000001:
000146 81e8      	LD   R30,Y
000147 93ea      	ST   -Y,R30
000148 dfe8      	RCALL _LCD_CommonFunc_G001
                 ; 0001 007A }
                 _0x2000002:
000149 9621      	ADIW R28,1
00014a 9508      	RET
                 ;
                 ;//функция инициализации
                 ;void LCD_Init(void)
                 ; 0001 007E {
                 _LCD_Init:
                 ; 0001 007F #ifdef BUS_4BIT
                 ; 0001 0080   DDRX_DATA |= 0xf0;
00014b b3ea      	IN   R30,0x1A
00014c 6fe0      	ORI  R30,LOW(0xF0)
00014d bbea      	OUT  0x1A,R30
                 ; 0001 0081   PORT_DATA |= 0xf0;
00014e b3eb      	IN   R30,0x1B
00014f 6fe0      	ORI  R30,LOW(0xF0)
000150 bbeb      	OUT  0x1B,R30
                 ; 0001 0082 #else
                 ; 0001 0083   DDRX_DATA |= 0xff;
                 ; 0001 0084   PORT_DATA |= 0xff;
                 ; 0001 0085 #endif
                 ; 0001 0086 
                 ; 0001 0087   DDRX_SIG |= (1<<RW)|(1<<RS)|(1<<EN);
000151 b3e4      	IN   R30,0x14
000152 6de0      	ORI  R30,LOW(0xD0)
000153 bbe4      	OUT  0x14,R30
                 ; 0001 0088   PORT_SIG |= (1<<RW)|(1<<RS)|(1<<EN);
000154 b3e5      	IN   R30,0x15
000155 6de0      	ORI  R30,LOW(0xD0)
000156 bbe5      	OUT  0x15,R30
                 ; 0001 0089   ClearBit(PORT_SIG, RW);
000157 98ac      	CBI  0x15,4
                 ; 0001 008A   delay_ms(40);
000158 e2e8      	LDI  R30,LOW(40)
000159 e0f0      	LDI  R31,HIGH(40)
00015a d069      	RCALL SUBOPT_0x3
                 ; 0001 008B 
                 ; 0001 008C #ifdef HD44780
                 ; 0001 008D   LCD_WriteComInit(0x30);
                 ; 0001 008E   delay_ms(10);
00015b e0ea      	LDI  R30,LOW(10)
00015c e0f0      	LDI  R31,HIGH(10)
00015d d066      	RCALL SUBOPT_0x3
                 ; 0001 008F   LCD_WriteComInit(0x30);
                 ; 0001 0090   delay_ms(1);
00015e e0e1      	LDI  R30,LOW(1)
00015f e0f0      	LDI  R31,HIGH(1)
000160 d063      	RCALL SUBOPT_0x3
                 ; 0001 0091   LCD_WriteComInit(0x30);
                 ; 0001 0092 #endif
                 ; 0001 0093 
                 ; 0001 0094 #ifdef BUS_4BIT
                 ; 0001 0095   LCD_WriteComInit(0x20); //4-ми разрядная шина
000161 e2e0      	LDI  R30,LOW(32)
000162 93ea      	ST   -Y,R30
000163 dfc7      	RCALL _LCD_WriteComInit
                 ; 0001 0096   LCD_WriteCom(0x28); //4-ми разрядная шина, 2 - строки
000164 e2e8      	LDI  R30,LOW(40)
000165 93ea      	ST   -Y,R30
000166 dfda      	RCALL _LCD_WriteCom
                 ; 0001 0097 #else
                 ; 0001 0098   LCD_WriteCom(0x38); //8-ми разрядная шина, 2 - строки
                 ; 0001 0099 #endif
                 ; 0001 009A   LCD_WriteCom(0x08);
000167 e0e8      	LDI  R30,LOW(8)
000168 93ea      	ST   -Y,R30
000169 dfd7      	RCALL _LCD_WriteCom
                 ; 0001 009B   LCD_WriteCom(0x0c);  //0b00001111 - дисплей вкл, курсор и мерцание выключены
00016a e0ec      	LDI  R30,LOW(12)
00016b 93ea      	ST   -Y,R30
00016c dfd4      	RCALL _LCD_WriteCom
                 ; 0001 009C   LCD_WriteCom(0x01);  //0b00000001 - очистка дисплея
00016d e0e1      	LDI  R30,LOW(1)
00016e 93ea      	ST   -Y,R30
00016f dfd1      	RCALL _LCD_WriteCom
                 ; 0001 009D   delay_ms(2);
000170 e0e2      	LDI  R30,LOW(2)
000171 e0f0      	LDI  R31,HIGH(2)
000172 93fa      	ST   -Y,R31
000173 93ea      	ST   -Y,R30
000174 940e 01cb 	CALL _delay_ms
                 ; 0001 009E   LCD_WriteCom(0x06);  //0b00000110 - курсор движется вправо, сдвига нет
000176 e0e6      	LDI  R30,LOW(6)
000177 93ea      	ST   -Y,R30
000178 dfc8      	RCALL _LCD_WriteCom
                 ; 0001 009F }
000179 9508      	RET
                 ;
                 ;//функция вывода строки из флэш памяти
                 ;void LCD_SendStringFlash(char __flash *str)
                 ; 0001 00A3 {
                 ; 0001 00A4   unsigned char data;
                 ; 0001 00A5   while (*str)
                 ;	*str -> Y+1
                 ;	data -> R17
                 ; 0001 00A6   {
                 ; 0001 00A7     data = *str++;
                 ; 0001 00A8     LCD_WriteData(data);
                 ; 0001 00A9   }
                 ; 0001 00AA }
                 ;
                 ;//функция вывда строки из ОЗУ
                 ;void LCD_SendString(char *str)
                 ; 0001 00AE {
                 _LCD_SendString:
                 ; 0001 00AF   unsigned char data;
                 ; 0001 00B0   while (*str)
00017a 931a      	ST   -Y,R17
                 ;	*str -> Y+1
                 ;	data -> R17
                 _0x20006:
00017b 81a9      	LDD  R26,Y+1
00017c 81ba      	LDD  R27,Y+1+1
00017d 91ec      	LD   R30,X
00017e 30e0      	CPI  R30,0
00017f f031      	BREQ _0x20008
                 ; 0001 00B1   {
                 ; 0001 00B2     data = *str++;
000180 911d      	LD   R17,X+
000181 83a9      	STD  Y+1,R26
000182 83ba      	STD  Y+1+1,R27
                 ; 0001 00B3     LCD_WriteData(data);
000183 931a      	ST   -Y,R17
000184 dfbf      	RCALL _LCD_WriteData
                 ; 0001 00B4   }
000185 cff5      	RJMP _0x20006
                 _0x20008:
                 ; 0001 00B5 }
000186 8118      	LDD  R17,Y+0
000187 9623      	ADIW R28,3
000188 9508      	RET
                 ;
                 ;void LCD_Clear(void)
                 ; 0001 00B8 {
                 ; 0001 00B9   LCD_WriteCom(0x01);
                 ; 0001 00BA   delay_ms(2);
                 ; 0001 00BB }
                 ;//******************************************************************************
                 ;//
                 ;//  Author(s)...: Pashgan    http://ChipEnable.Ru
                 ;//
                 ;//  Target(s)...: atmega16
                 ;//
                 ;//  Compiler....: CodeVision 2.05
                 ;//
                 ;//  Description.: Универсальный драйвер матричной клавиатуры. Тестовый проект
                 ;//
                 ;//  Data........: 12.10.2011
                 ;//
                 ;//******************************************************************************
                 ;#include <io.h>
                 	#ifndef __SLEEP_DEFINED__
                 	#endif
                 ;#include <delay.h>
                 ;#include "keyboard.h"
                 ;#include "lcd_lib.h"
                 ;
                 ;unsigned char buf = 0;
                 ;
                 ;void main( void )
                 ; 0002 0016 {
                 
                 	.CSEG
                 _main:
                 ; 0002 0017   LCD_Init();
000189 dfc1      	RCALL _LCD_Init
                 ; 0002 0018   LCD_Goto(0,0);
00018a e8e0      	LDI  R30,LOW(128)
00018b 93ea      	ST   -Y,R30
00018c dfb4      	RCALL _LCD_WriteCom
                 ; 0002 0019   LCD_SendString("CV Key: ");
                +
00018d e6e0     +LDI R30 , LOW ( _0x40003 + ( 0 ) )
00018e e0f1     +LDI R31 , HIGH ( _0x40003 + ( 0 ) )
                 	__POINTW1MN _0x40003,0
00018f 93fa      	ST   -Y,R31
000190 93ea      	ST   -Y,R30
000191 dfe8      	RCALL _LCD_SendString
                 ; 0002 001A   KEYB_Init();
000192 940e 007b 	CALL _KEYB_Init
                 ; 0002 001B 
                 ; 0002 001C   while(1){
                 _0x40004:
                 ; 0002 001D      delay_ms(10);
000194 e0ea      	LDI  R30,LOW(10)
000195 e0f0      	LDI  R31,HIGH(10)
000196 93fa      	ST   -Y,R31
000197 93ea      	ST   -Y,R30
000198 940e 01cb 	CALL _delay_ms
                 ; 0002 001E      KEYB_ScanKeyboard();
00019a 940e 0084 	CALL _KEYB_ScanKeyboard
                 ; 0002 001F      buf = KEYB_GetKey();
00019c 940e 011b 	CALL _KEYB_GetKey
00019e 2e6e      	MOV  R6,R30
                 ; 0002 0020      if (buf){
00019f 2066      	TST  R6
0001a0 f029      	BREQ _0x40007
                 ; 0002 0021        LCD_Goto(9,0);
0001a1 e8e9      	LDI  R30,LOW(137)
0001a2 93ea      	ST   -Y,R30
0001a3 df9d      	RCALL _LCD_WriteCom
                 ; 0002 0022        LCD_WriteData(buf);
0001a4 926a      	ST   -Y,R6
0001a5 df9e      	RCALL _LCD_WriteData
                 ; 0002 0023      }
                 ; 0002 0024   }
                 _0x40007:
0001a6 cfed      	RJMP _0x40004
                 ; 0002 0025 }
                 _0x40008:
0001a7 cfff      	RJMP _0x40008
                 
                 	.DSEG
                 _0x40003:
000160           	.BYTE 0x9
                 
                 	.DSEG
                 _keyValue:
000169           	.BYTE 0x1
                 _keyNew:
00016a           	.BYTE 0x1
                 
                 	.CSEG
                 ;OPTIMIZER ADDED SUBROUTINE, CALLED 2 TIMES, CODE SIZE REDUCTION:1 WORDS
                 SUBOPT_0x0:
                +
0001a8 e18b     +LDI R24 , LOW ( 27 )
                +__DELAY_USB_LOOP :
0001a9 958a     +DEC R24
0001aa f7f1     +BRNE __DELAY_USB_LOOP
                 	__DELAY_USB 27
0001ab b3e9      	IN   R30,0x19
0001ac 95e0      	COM  R30
0001ad 7fe0      	ANDI R30,LOW(0xF0)
0001ae 9508      	RET
                 
                 ;OPTIMIZER ADDED SUBROUTINE, CALLED 2 TIMES, CODE SIZE REDUCTION:5 WORDS
                 SUBOPT_0x1:
0001af 2fe1      	MOV  R30,R17
0001b0 e5a4      	LDI  R26,LOW(_keyTable*2)
0001b1 e0b0      	LDI  R27,HIGH(_keyTable*2)
0001b2 e0f0      	LDI  R31,0
0001b3 0fee      	LSL  R30
0001b4 1fff      	ROL  R31
0001b5 0fea      	ADD  R30,R26
0001b6 1ffb      	ADC  R31,R27
0001b7 9508      	RET
                 
                 ;OPTIMIZER ADDED SUBROUTINE, CALLED 2 TIMES, CODE SIZE REDUCTION:6 WORDS
                 SUBOPT_0x2:
0001b8 70ef      	ANDI R30,LOW(0xF)
0001b9 2f1e      	MOV  R17,R30
0001ba 81e9      	LDD  R30,Y+1
0001bb 7fe0      	ANDI R30,LOW(0xF0)
0001bc 2b1e      	OR   R17,R30
0001bd bb1b      	OUT  0x1B,R17
0001be 9aaf      	SBI  0x15,7
                +
0001bf e08b     +LDI R24 , LOW ( 11 )
                +__DELAY_USB_LOOP :
0001c0 958a     +DEC R24
0001c1 f7f1     +BRNE __DELAY_USB_LOOP
                 	__DELAY_USB 11
0001c2 98af      	CBI  0x15,7
0001c3 9508      	RET
                 
                 ;OPTIMIZER ADDED SUBROUTINE, CALLED 3 TIMES, CODE SIZE REDUCTION:9 WORDS
                 SUBOPT_0x3:
0001c4 93fa      	ST   -Y,R31
0001c5 93ea      	ST   -Y,R30
0001c6 940e 01cb 	CALL _delay_ms
0001c8 e3e0      	LDI  R30,LOW(48)
0001c9 93ea      	ST   -Y,R30
0001ca cf60      	RJMP _LCD_WriteComInit
                 
                 
                 	.CSEG
                 _delay_ms:
0001cb 91e9      	ld   r30,y+
0001cc 91f9      	ld   r31,y+
0001cd 9630      	adiw r30,0
0001ce f039      	breq __delay_ms1
                 __delay_ms0:
                +
0001cf ea80     +LDI R24 , LOW ( 0xFA0 )
0001d0 e09f     +LDI R25 , HIGH ( 0xFA0 )
                +__DELAY_USW_LOOP :
0001d1 9701     +SBIW R24 , 1
0001d2 f7f1     +BRNE __DELAY_USW_LOOP
                 	__DELAY_USW 0xFA0
0001d3 95a8      	wdr
0001d4 9731      	sbiw r30,1
0001d5 f7c9      	brne __delay_ms0
                 __delay_ms1:
0001d6 9508      	ret
                 
                 ;END OF CODE MARKER
                 __END_OF_CODE:


RESOURCE USE INFORMATION
------------------------

Notice:
The register and instruction counts are symbol table hit counts,
and hence implicitly used resources are not counted, eg, the
'lpm' instruction without operands implicitly uses r0 and z,
none of which are counted.

x,y,z are separate entities in the symbol table and are
counted separately from r26..r31 here.

.dseg memory usage only counts static data declared with .byte

ATmega16 register use summary:
r0 :   6 r1 :   1 r2 :   0 r3 :   0 r4 :   6 r5 :   8 r6 :   3 r7 :   3 
r8 :   0 r9 :   0 r10:   0 r11:   0 r12:   0 r13:   0 r14:   0 r15:   0 
r16:   0 r17:  24 r18:   0 r19:   0 r20:   0 r21:   0 r22:   2 r23:   0 
r24:  17 r25:   3 r26:  13 r27:   6 r28:   6 r29:   1 r30: 167 r31:  19 
x  :   5 y  :  48 z  :   9 
Registers used: 19 out of 35 (54.3%)

ATmega16 instruction use summary:
.lds  :   0 .lds.l:   0 .sts  :   0 .sts.l:   0 adc   :   1 add   :   1 
adiw  :   6 and   :   1 andi  :  11 asr   :   0 bclr  :   0 bld   :   0 
brbc  :   0 brbs  :   0 brcc  :   0 brcs  :   0 break :   0 breq  :   9 
brge  :   0 brhc  :   0 brhs  :   0 brid  :   0 brie  :   0 brlo  :   0 
brlt  :   0 brmi  :   0 brne  :  19 brpl  :   0 brsh  :   2 brtc  :   0 
brts  :   0 brvc  :   0 brvs  :   0 bset  :   0 bst   :   0 call  :  10 
cbi   :   8 cbr   :   0 clc   :   0 clh   :   0 cli   :   1 cln   :   0 
clr   :   8 cls   :   0 clt   :   0 clv   :   0 clz   :   0 com   :   3 
cp    :   1 cpc   :   0 cpi   :  16 cpse  :   0 dec   :   5 des   :   0 
eor   :   0 fmul  :   0 fmuls :   0 fmulsu:   0 icall :   0 ijmp  :   0 
in    :  22 inc   :   0 jmp   :  22 ld    :   8 ldd   :   9 ldi   :  53 
lds   :   2 lpm   :  11 lsl   :   1 lsr   :   0 mov   :  14 movw  :   3 
mul   :   0 muls  :   0 mulsu :   0 neg   :   0 nop   :   0 or    :   3 
ori   :   7 out   :  25 pop   :   0 push  :   0 rcall :  28 ret   :  18 
reti  :   0 rjmp  :  18 rol   :   1 ror   :   0 sbc   :   0 sbci  :   0 
sbi   :   2 sbic  :   0 sbis  :   0 sbiw  :   6 sbr   :   0 sbrc  :   0 
sbrs  :   0 sec   :   0 seh   :   0 sei   :   0 sen   :   0 ser   :   0 
ses   :   0 set   :   0 sev   :   0 sez   :   0 sleep :   0 spm   :   0 
st    :  30 std   :   6 sts   :   5 sub   :   0 subi  :   2 swap  :   1 
tst   :   1 wdr   :   1 
Instructions used: 42 out of 116 (36.2%)

ATmega16 memory use summary [bytes]:
Segment   Begin    End      Code   Data   Used    Size   Use%
---------------------------------------------------------------
[.cseg] 0x000000 0x0003ae    876     66    942   16384   5.7%
[.dseg] 0x000060 0x00016b      0     11     11    1024   1.1%
[.eseg] 0x000000 0x000000      0      0      0     512   0.0%

Assembly complete, 0 errors, 7 warnings
